0 info it worked if it ends with ok
1 verbose cli [ '/usr/bin/node', '/usr/bin/npm', 'run', 'development' ]
2 info using npm@6.14.12
3 info using node@v12.22.1
4 verbose config Skipping project config: /var/www/.npmrc. (matches userconfig)
5 verbose run-script [ 'predevelopment', 'development', 'postdevelopment' ]
6 info lifecycle @~predevelopment: @
7 info lifecycle @~development: @
8 verbose lifecycle @~development: unsafe-perm in lifecycle true
9 verbose lifecycle @~development: PATH: /usr/lib/node_modules/npm/node_modules/npm-lifecycle/node-gyp-bin:/var/www/node_modules/.bin:/usr/lib/node_modules/npm/node_modules/npm-lifecycle/node-gyp-bin:/var/www/node_modules/.bin:/usr/local/sbin:/usr/local/bin:/usr/sbin:/usr/bin:/sbin:/bin
10 verbose lifecycle @~development: CWD: /var/www
11 silly lifecycle @~development: Args: [ '-c', 'mix' ]
12 info lifecycle @~development: Failed to exec development script
13 verbose stack Error: @ development: `mix`
13 verbose stack spawn ENOENT
13 verbose stack     at ChildProcess.<anonymous> (/usr/lib/node_modules/npm/node_modules/npm-lifecycle/lib/spawn.js:48:18)
13 verbose stack     at ChildProcess.emit (events.js:314:20)
13 verbose stack     at maybeClose (internal/child_process.js:1022:16)
13 verbose stack     at Process.ChildProcess._handle.onexit (internal/child_process.js:287:5)
14 verbose pkgid @
15 verbose cwd /var/www
16 verbose Linux 5.8.0-53-generic
17 verbose argv "/usr/bin/node" "/usr/bin/npm" "run" "development"
18 verbose node v12.22.1
19 verbose npm  v6.14.12
20 error code ELIFECYCLE
21 error syscall spawn
22 error file sh
23 error errno ENOENT
24 error @ development: `mix`
24 error spawn ENOENT
25 error Failed at the @ development script.
25 error This is probably not a problem with npm. There is likely additional logging output above.
26 verbose exit [ 1, true ]
